#
# There is insufficient memory for the Java Runtime Environment to continue.
# Native memory allocation (malloc) failed to allocate 695200 bytes for Chunk::new
# Possible reasons:
#   The system is out of physical RAM or swap space
#   The process is running with CompressedOops enabled, and the Java Heap may be blocking the growth of the native heap
# Possible solutions:
#   Reduce memory load on the system
#   Increase physical memory or swap space
#   Check if swap backing store is full
#   Decrease Java heap size (-Xmx/-Xms)
#   Decrease number of Java threads
#   Decrease Java thread stack sizes (-Xss)
#   Set larger code cache with -XX:ReservedCodeCacheSize=
#   JVM is running with Unscaled Compressed Oops mode in which the Java heap is
#     placed in the first 4GB address space. The Java Heap base address is the
#     maximum limit for the native heap growth. Please use -XX:HeapBaseMinAddress
#     to set the Java Heap base and to place the Java Heap above 4GB virtual address.
# This output file may be truncated or incomplete.
#
#  Out of Memory Error (t:/workspace/open/src/hotspot/share/memory/arena.cpp:196), pid=1092, tid=2088
#
# JRE version: Java(TM) SE Runtime Environment (13.0.2+8) (build 13.0.2+8)
# Java VM: Java HotSpot(TM) 64-Bit Server VM (13.0.2+8, mixed mode, sharing, tiered, compressed oops, g1 gc, windows-amd64)
# No core dump will be written. Minidumps are not enabled by default on client versions of Windows
#

---------------  S U M M A R Y ------------

Command Line: -javaagent:C:\Program Files\JetBrains\IntelliJ IDEA 2019.3.3\lib\idea_rt.jar=58692:C:\Program Files\JetBrains\IntelliJ IDEA 2019.3.3\bin -Dfile.encoding=UTF-8 Main

Host: Intel(R) Pentium(R) CPU 3825U @ 1.90GHz, 4 cores, 3G,  Windows 10 , 64 bit Build 19041 (10.0.19041.546)
Time: Tue Dec  8 22:24:57 2020 RTZ 2 (зима) elapsed time: 9073 seconds (0d 2h 31m 13s)

---------------  T H R E A D  ---------------

Current thread (0x0000015978aad000):  JavaThread "C2 CompilerThread0" daemon [_thread_in_native, id=2088, stack(0x00000006dde00000,0x00000006ddf00000)]


Current CompileTask:
C2:9073639 7328       4       jdk.internal.loader.BuiltinClassLoader::findResourceOnClassPath (41 bytes)

Stack: [0x00000006dde00000,0x00000006ddf00000]
Native frames: (J=compiled Java code, j=interpreted, Vv=VM code, C=native code)
V  [jvm.dll+0x624f9a]
V  [jvm.dll+0x770cfa]
V  [jvm.dll+0x7724af]
V  [jvm.dll+0x772ab3]
V  [jvm.dll+0x24bf08]
V  [jvm.dll+0xc1e47]
V  [jvm.dll+0xc23cc]
V  [jvm.dll+0x35c0c5]
V  [jvm.dll+0x327803]
V  [jvm.dll+0x326bda]
V  [jvm.dll+0x205c27]
V  [jvm.dll+0x204e3f]
V  [jvm.dll+0x189c2c]
V  [jvm.dll+0x213e6d]
V  [jvm.dll+0x2120bb]
V  [jvm.dll+0x736bb6]
V  [jvm.dll+0x72fcaa]
V  [jvm.dll+0x623ea6]
C  [ucrtbase.dll+0x214c2]
C  [KERNEL32.DLL+0x17034]
C  [ntdll.dll+0x4cec1]


---------------  P R O C E S S  ---------------

Threads class SMR info:
_java_thread_list=0x000001597a0fbf20, length=70, elements={
0x000001596935d000, 0x0000015978a87800, 0x0000015978a8b800, 0x0000015978aab000,
0x0000015978aac000, 0x0000015978aad000, 0x0000015978aae800, 0x0000015978b29800,
0x0000015978a6f800, 0x0000015978f5b000, 0x0000015978f5b800, 0x000001597983d000,
0x000001597d230800, 0x0000015978b19800, 0x0000015978b1a800, 0x0000015978b19000,
0x0000015978b1b800, 0x0000015978b15800, 0x0000015978b1c000, 0x0000015978b16800,
0x000001597ad59800, 0x000001597ad55800, 0x000001597ad53800, 0x000001597a5f7000,
0x000001597a5fd800, 0x000001597a5fe800, 0x000001597a5fc800, 0x000001597a5f8000,
0x000001597a5f6000, 0x000001597a5f8800, 0x000001597a603000, 0x000001597a5ff000,
0x000001597a600000, 0x000001597a602800, 0x000001597a601000, 0x000001597ad57800,
0x000001597ad54800, 0x000001597ad57000, 0x0000015978b17800, 0x0000015978b18000,
0x000001597a601800, 0x000001597a5fc000, 0x000001597a506800, 0x000001597a50d000,
0x000001597a507000, 0x000001597a50a800, 0x000001597a50c000, 0x000001597a50b000,
0x000001597a50d800, 0x000001597a508000, 0x000001597a50e800, 0x000001597a50f800,
0x000001597a513800, 0x000001597a514000, 0x000001597a510000, 0x000001597ad58800,
0x000001597ad56000, 0x000001597ad5b000, 0x000001597ad5e800, 0x000001597ad5f000,
0x000001597ad60000, 0x000001597ad61800, 0x000001597ad5c800, 0x000001597ad5c000,
0x000001597ad62800, 0x000001597ad5d800, 0x000001597a5f9800, 0x000001597a5f4800,
0x000001597a5f5800, 0x000001597a5fb000
}

Java Threads: ( => current thread )
  0x000001596935d000 JavaThread "main" [_thread_blocked, id=20424, stack(0x00000006dd300000,0x00000006dd400000)]
  0x0000015978a87800 JavaThread "Reference Handler" daemon [_thread_blocked, id=5624, stack(0x00000006dda00000,0x00000006ddb00000)]
  0x0000015978a8b800 JavaThread "Finalizer" daemon [_thread_blocked, id=17708, stack(0x00000006ddb00000,0x00000006ddc00000)]
  0x0000015978aab000 JavaThread "Signal Dispatcher" daemon [_thread_blocked, id=14504, stack(0x00000006ddc00000,0x00000006ddd00000)]
  0x0000015978aac000 JavaThread "Attach Listener" daemon [_thread_blocked, id=18476, stack(0x00000006ddd00000,0x00000006dde00000)]
=>0x0000015978aad000 JavaThread "C2 CompilerThread0" daemon [_thread_in_native, id=2088, stack(0x00000006dde00000,0x00000006ddf00000)]
  0x0000015978aae800 JavaThread "C1 CompilerThread0" daemon [_thread_blocked, id=19624, stack(0x00000006ddf00000,0x00000006de000000)]
  0x0000015978b29800 JavaThread "Sweeper thread" daemon [_thread_blocked, id=6300, stack(0x00000006de000000,0x00000006de100000)]
  0x0000015978a6f800 JavaThread "Common-Cleaner" daemon [_thread_blocked, id=18524, stack(0x00000006de100000,0x00000006de200000)]
  0x0000015978f5b000 JavaThread "Monitor Ctrl-Break" daemon [_thread_in_native, id=20320, stack(0x00000006de200000,0x00000006de300000)]
  0x0000015978f5b800 JavaThread "Service Thread" daemon [_thread_blocked, id=18820, stack(0x00000006de300000,0x00000006de400000)]
  0x000001597983d000 JavaThread "mysql-cj-abandoned-connection-cleanup" daemon [_thread_blocked, id=12868, stack(0x00000006de600000,0x00000006de700000)]
  0x000001597d230800 JavaThread "OkHttp ConnectionPool" daemon [_thread_blocked, id=10812, stack(0x00000006df100000,0x00000006df200000)]
  0x0000015978b19800 JavaThread "Okio Watchdog" daemon [_thread_blocked, id=18804, stack(0x00000006df200000,0x00000006df300000)]
  0x0000015978b1a800 JavaThread "Exec Default Executor" daemon [_thread_in_native, id=14284, stack(0x00000006df300000,0x00000006df400000)]
  0x0000015978b19000 JavaThread "Exec Default Executor" daemon [_thread_in_native, id=12916, stack(0x00000006dfb00000,0x00000006dfc00000)]
  0x0000015978b1b800 JavaThread "Exec Default Executor" daemon [_thread_in_native, id=6064, stack(0x00000006de700000,0x00000006de800000)]
  0x0000015978b15800 JavaThread "Exec Stream Pumper" daemon [_thread_in_native, id=16036, stack(0x00000006deb00000,0x00000006dec00000)]
  0x0000015978b1c000 JavaThread "Exec Stream Pumper" daemon [_thread_in_native, id=18460, stack(0x00000006dec00000,0x00000006ded00000)]
  0x0000015978b16800 JavaThread "Exec Stream Pumper" daemon [_thread_in_native, id=11392, stack(0x00000006dd000000,0x00000006dd100000)]
  0x000001597ad59800 JavaThread "Exec Stream Pumper" daemon [_thread_in_native, id=8780, stack(0x00000006dd200000,0x00000006dd300000)]
  0x000001597ad55800 JavaThread "Exec Stream Pumper" daemon [_thread_in_native, id=18388, stack(0x00000006ded00000,0x00000006dee00000)]
  0x000001597ad53800 JavaThread "Exec Stream Pumper" daemon [_thread_in_native, id=2932, stack(0x00000006dee00000,0x00000006def00000)]
  0x000001597a5f7000 JavaThread "Exec Default Executor" daemon [_thread_in_native, id=20596, stack(0x00000006dd100000,0x00000006dd200000)]
  0x000001597a5fd800 JavaThread "Exec Stream Pumper" daemon [_thread_in_native, id=20212, stack(0x00000006e0400000,0x00000006e0500000)]
  0x000001597a5fe800 JavaThread "Exec Stream Pumper" daemon [_thread_in_native, id=3700, stack(0x00000006e0500000,0x00000006e0600000)]
  0x000001597a5fc800 JavaThread "ForkJoinPool.commonPool-worker-1" daemon [_thread_blocked, id=13868, stack(0x00000006e0700000,0x00000006e0800000)]
  0x000001597a5f8000 JavaThread "Exec Default Executor" daemon [_thread_in_native, id=20796, stack(0x00000006def00000,0x00000006df000000)]
  0x000001597a5f6000 JavaThread "Exec Default Executor" daemon [_thread_in_native, id=17800, stack(0x00000006e0100000,0x00000006e0200000)]
  0x000001597a5f8800 JavaThread "Exec Stream Pumper" daemon [_thread_in_native, id=20340, stack(0x00000006e0600000,0x00000006e0700000)]
  0x000001597a603000 JavaThread "Exec Stream Pumper" daemon [_thread_in_native, id=18616, stack(0x00000006e0900000,0x00000006e0a00000)]
  0x000001597a5ff000 JavaThread "Exec Default Executor" daemon [_thread_in_native, id=20232, stack(0x00000006e0d00000,0x00000006e0e00000)]
  0x000001597a600000 JavaThread "Exec Stream Pumper" daemon [_thread_in_native, id=10108, stack(0x00000006e1000000,0x00000006e1100000)]
  0x000001597a602800 JavaThread "Exec Stream Pumper" daemon [_thread_in_native, id=18608, stack(0x00000006e1100000,0x00000006e1200000)]
  0x000001597a601000 JavaThread "Exec Stream Pumper" daemon [_thread_in_native, id=16052, stack(0x00000006e0a00000,0x00000006e0b00000)]
  0x000001597ad57800 JavaThread "Exec Stream Pumper" daemon [_thread_in_native, id=21248, stack(0x00000006e1200000,0x00000006e1300000)]
  0x000001597ad54800 JavaThread "Exec Default Executor" daemon [_thread_in_native, id=20840, stack(0x00000006e1300000,0x00000006e1400000)]
  0x000001597ad57000 JavaThread "Exec Stream Pumper" daemon [_thread_in_native, id=19656, stack(0x00000006e1400000,0x00000006e1500000)]
  0x0000015978b17800 JavaThread "Exec Stream Pumper" daemon [_thread_in_native, id=11032, stack(0x00000006e1500000,0x00000006e1600000)]
  0x0000015978b18000 JavaThread "Exec Default Executor" daemon [_thread_in_native, id=15780, stack(0x00000006e0b00000,0x00000006e0c00000)]
  0x000001597a601800 JavaThread "Exec Stream Pumper" daemon [_thread_in_native, id=21332, stack(0x00000006e0c00000,0x00000006e0d00000)]
  0x000001597a5fc000 JavaThread "Exec Stream Pumper" daemon [_thread_in_native, id=12372, stack(0x00000006e1600000,0x00000006e1700000)]
  0x000001597a506800 JavaThread "Exec Default Executor" daemon [_thread_in_native, id=20060, stack(0x00000006e1700000,0x00000006e1800000)]
  0x000001597a50d000 JavaThread "Exec Stream Pumper" daemon [_thread_in_native, id=9556, stack(0x00000006e1800000,0x00000006e1900000)]
  0x000001597a507000 JavaThread "Exec Stream Pumper" daemon [_thread_in_native, id=17924, stack(0x00000006e1900000,0x00000006e1a00000)]
  0x000001597a50a800 JavaThread "Exec Default Executor" daemon [_thread_in_native, id=21220, stack(0x00000006dff00000,0x00000006e0000000)]
  0x000001597a50c000 JavaThread "Exec Stream Pumper" daemon [_thread_in_native, id=18008, stack(0x00000006e1a00000,0x00000006e1b00000)]
  0x000001597a50b000 JavaThread "Exec Stream Pumper" daemon [_thread_in_native, id=20904, stack(0x00000006e1b00000,0x00000006e1c00000)]
  0x000001597a50d800 JavaThread "Exec Default Executor" daemon [_thread_in_native, id=8392, stack(0x00000006dfc00000,0x00000006dfd00000)]
  0x000001597a508000 JavaThread "Exec Stream Pumper" daemon [_thread_in_native, id=11188, stack(0x00000006e1c00000,0x00000006e1d00000)]
  0x000001597a50e800 JavaThread "Exec Stream Pumper" daemon [_thread_in_native, id=3940, stack(0x00000006e1d00000,0x00000006e1e00000)]
  0x000001597a50f800 JavaThread "Exec Default Executor" daemon [_thread_in_native, id=17996, stack(0x00000006e0800000,0x00000006e0900000)]
  0x000001597a513800 JavaThread "Exec Stream Pumper" daemon [_thread_in_native, id=592, stack(0x00000006df800000,0x00000006df900000)]
  0x000001597a514000 JavaThread "Exec Stream Pumper" daemon [_thread_in_native, id=20088, stack(0x00000006dfd00000,0x00000006dfe00000)]
  0x000001597a510000 JavaThread "Exec Default Executor" daemon [_thread_in_native, id=20888, stack(0x00000006df600000,0x00000006df700000)]
  0x000001597ad58800 JavaThread "Exec Stream Pumper" daemon [_thread_in_native, id=120, stack(0x00000006dfe00000,0x00000006dff00000)]
  0x000001597ad56000 JavaThread "Exec Stream Pumper" daemon [_thread_in_native, id=18224, stack(0x00000006e0000000,0x00000006e0100000)]
  0x000001597ad5b000 JavaThread "Exec Default Executor" daemon [_thread_in_native, id=13356, stack(0x00000006e0200000,0x00000006e0300000)]
  0x000001597ad5e800 JavaThread "Exec Stream Pumper" daemon [_thread_in_native, id=21080, stack(0x00000006e0e00000,0x00000006e0f00000)]
  0x000001597ad5f000 JavaThread "Exec Stream Pumper" daemon [_thread_in_native, id=18560, stack(0x00000006e0f00000,0x00000006e1000000)]
  0x000001597ad60000 JavaThread "Forwarding switchToWindow on session 06769ad8e77dde65693760b5bceedd9f to remote" [_thread_in_native, id=20664, stack(0x00000006e0300000,0x00000006e0400000)]
  0x000001597ad61800 JavaThread "Exec Default Executor" daemon [_thread_in_native, id=18236, stack(0x00000006e1e00000,0x00000006e1f00000)]
  0x000001597ad5c800 JavaThread "Exec Stream Pumper" daemon [_thread_in_native, id=20636, stack(0x00000006e2000000,0x00000006e2100000)]
  0x000001597ad5c000 JavaThread "Exec Stream Pumper" daemon [_thread_in_native, id=20432, stack(0x00000006e2100000,0x00000006e2200000)]
  0x000001597ad62800 JavaThread "Forwarding quit on session cb001fe10ec2c1fc9df4fa2c744660f6 to remote" [_thread_in_native, id=17452, stack(0x00000006e1f00000,0x00000006e2000000)]
  0x000001597ad5d800 JavaThread "Thread-47" [_thread_in_Java, id=9788, stack(0x00000006e2200000,0x00000006e2300000)]
  0x000001597a5f9800 JavaThread "Exec Default Executor" daemon [_thread_in_native, id=20180, stack(0x00000006dea00000,0x00000006deb00000)]
  0x000001597a5f4800 JavaThread "Exec Stream Pumper" daemon [_thread_in_native, id=12800, stack(0x00000006df700000,0x00000006df800000)]
  0x000001597a5f5800 JavaThread "Exec Stream Pumper" daemon [_thread_in_native, id=20044, stack(0x00000006df900000,0x00000006dfa00000)]
  0x000001597a5fb000 JavaThread "Thread-48" [_thread_in_Java, id=20456, stack(0x00000006e2300000,0x00000006e2400000)]

Other Threads:
  0x0000015978a86800 VMThread "VM Thread" [stack: 0x00000006dd900000,0x00000006dda00000] [id=3680]
  0x0000015978f65000 WatcherThread [stack: 0x00000006de400000,0x00000006de500000] [id=18788]
  0x000001596938f000 GCTaskThread "GC Thread#0" [stack: 0x00000006dd400000,0x00000006dd500000] [id=19572]
  0x0000015978fe4800 GCTaskThread "GC Thread#1" [stack: 0x00000006de500000,0x00000006de600000] [id=4808]
  0x000001597a4e4800 GCTaskThread "GC Thread#2" [stack: 0x00000006de800000,0x00000006de900000] [id=17584]
  0x000001597a5f3800 GCTaskThread "GC Thread#3" [stack: 0x00000006de900000,0x00000006dea00000] [id=19820]
  0x0000015969398800 ConcurrentGCThread "G1 Main Marker" [stack: 0x00000006dd500000,0x00000006dd600000] [id=18576]
  0x000001596939a800 ConcurrentGCThread "G1 Conc#0" [stack: 0x00000006dd600000,0x00000006dd700000] [id=18268]
  0x00000159693f1800 ConcurrentGCThread "G1 Refine#0" [stack: 0x00000006dd700000,0x00000006dd800000] [id=17036]
  0x00000159693f3800 ConcurrentGCThread "G1 Young RemSet Sampling" [stack: 0x00000006dd800000,0x00000006dd900000] [id=19228]

Threads with active compile tasks:
C2 CompilerThread0  9099825 7328       4       jdk.internal.loader.BuiltinClassLoader::findResourceOnClassPath (41 bytes)

VM state:not at safepoint (normal execution)

VM Mutex/Monitor currently owned by a thread: None

Heap address: 0x00000000c1400000, size: 1004 MB, Compressed Oops mode: 32-bit
Narrow klass base: 0x0000000800000000, Narrow klass shift: 3
Compressed class space size: 1073741824 Address: 0x0000000800b40000

Heap:
 garbage-first heap   total 54272K, used 38517K [0x00000000c1400000, 0x0000000100000000)
  region size 1024K, 23 young (23552K), 1 survivors (1024K)
 Metaspace       used 41917K, capacity 42740K, committed 42796K, reserved 1087488K
  class space    used 5189K, capacity 5463K, committed 5504K, reserved 1048576K
Heap Regions: E=young(eden), S=young(survivor), O=old, HS=humongous(starts), HC=humongous(continues), CS=collection set, F=free, A=archive, TAMS=top-at-mark-start (previous, next)
|   0|0x00000000c1400000, 0x00000000c1500000, 0x00000000c1500000|100%|HS|  |TAMS 0x00000000c1500000, 0x00000000c1400000| Complete 
|   1|0x00000000c1500000, 0x00000000c1600000, 0x00000000c1600000|100%|HS|  |TAMS 0x00000000c1600000, 0x00000000c1500000| Complete 
|   2|0x00000000c1600000, 0x00000000c1700000, 0x00000000c1700000|100%| O|  |TAMS 0x00000000c1700000, 0x00000000c1600000| Untracked 
|   3|0x00000000c1700000, 0x00000000c1800000, 0x00000000c1800000|100%| O|  |TAMS 0x00000000c1800000, 0x00000000c1700000| Untracked 
|   4|0x00000000c1800000, 0x00000000c1900000, 0x00000000c1900000|100%| O|  |TAMS 0x00000000c1900000, 0x00000000c1800000| Untracked 
|   5|0x00000000c1900000, 0x00000000c1a00000, 0x00000000c1a00000|100%| O|  |TAMS 0x00000000c1a00000, 0x00000000c1900000| Untracked 
|   6|0x00000000c1a00000, 0x00000000c1b00000, 0x00000000c1b00000|100%| O|  |TAMS 0x00000000c1b00000, 0x00000000c1a00000| Untracked 
|   7|0x00000000c1b00000, 0x00000000c1c00000, 0x00000000c1c00000|100%| O|  |TAMS 0x00000000c1c00000, 0x00000000c1b00000| Untracked 
|   8|0x00000000c1c00000, 0x00000000c1d00000, 0x00000000c1d00000|100%| O|  |TAMS 0x00000000c1d00000, 0x00000000c1c00000| Untracked 
|   9|0x00000000c1d00000, 0x00000000c1e00000, 0x00000000c1e00000|100%| O|  |TAMS 0x00000000c1e00000, 0x00000000c1d00000| Untracked 
|  10|0x00000000c1e00000, 0x00000000c1e13e00, 0x00000000c1f00000|  7%| O|  |TAMS 0x00000000c1e13e00, 0x00000000c1e00000| Untracked 
|  11|0x00000000c1f00000, 0x00000000c2000000, 0x00000000c2000000|100%| O|  |TAMS 0x00000000c2000000, 0x00000000c1f00000| Untracked 
|  12|0x00000000c2000000, 0x00000000c2100000, 0x00000000c2100000|100%| O|  |TAMS 0x00000000c2100000, 0x00000000c2000000| Untracked 
|  13|0x00000000c2100000, 0x00000000c2200000, 0x00000000c2200000|100%| O|  |TAMS 0x00000000c212d400, 0x00000000c2100000| Untracked 
|  14|0x00000000c2200000, 0x00000000c2300000, 0x00000000c2300000|100%| O|  |TAMS 0x00000000c2200000, 0x00000000c2200000| Untracked 
|  15|0x00000000c2300000, 0x00000000c2400000, 0x00000000c2400000|100%| O|  |TAMS 0x00000000c2300000, 0x00000000c2300000| Untracked 
|  16|0x00000000c2400000, 0x00000000c2500000, 0x00000000c2500000|100%| O|  |TAMS 0x00000000c2400000, 0x00000000c2400000| Untracked 
|  17|0x00000000c2500000, 0x00000000c25cc000, 0x00000000c2600000| 79%| O|  |TAMS 0x00000000c2500000, 0x00000000c2500000| Untracked 
|  18|0x00000000c2600000, 0x00000000c2600000, 0x00000000c2700000|  0%| F|  |TAMS 0x00000000c2600000, 0x00000000c2600000| Untracked 
|  19|0x00000000c2700000, 0x00000000c2700000, 0x00000000c2800000|  0%| F|  |TAMS 0x00000000c2700000, 0x00000000c2700000| Untracked 
|  20|0x00000000c2800000, 0x00000000c2800000, 0x00000000c2900000|  0%| F|  |TAMS 0x00000000c2800000, 0x00000000c2800000| Untracked 
|  21|0x00000000c2900000, 0x00000000c2900000, 0x00000000c2a00000|  0%| F|  |TAMS 0x00000000c2900000, 0x00000000c2900000| Untracked 
|  22|0x00000000c2a00000, 0x00000000c2a00000, 0x00000000c2b00000|  0%| F|  |TAMS 0x00000000c2a00000, 0x00000000c2a00000| Untracked 
|  23|0x00000000c2b00000, 0x00000000c2b00000, 0x00000000c2c00000|  0%| F|  |TAMS 0x00000000c2b00000, 0x00000000c2b00000| Untracked 
|  24|0x00000000c2c00000, 0x00000000c2c00000, 0x00000000c2d00000|  0%| F|  |TAMS 0x00000000c2c00000, 0x00000000c2c00000| Untracked 
|  25|0x00000000c2d00000, 0x00000000c2d00000, 0x00000000c2e00000|  0%| F|  |TAMS 0x00000000c2d00000, 0x00000000c2d00000| Untracked 
|  26|0x00000000c2e00000, 0x00000000c2e00000, 0x00000000c2f00000|  0%| F|  |TAMS 0x00000000c2e00000, 0x00000000c2e00000| Untracked 
|  27|0x00000000c2f00000, 0x00000000c2f00000, 0x00000000c3000000|  0%| F|  |TAMS 0x00000000c2f00000, 0x00000000c2f00000| Untracked 
|  28|0x00000000c3000000, 0x00000000c3000000, 0x00000000c3100000|  0%| F|  |TAMS 0x00000000c3000000, 0x00000000c3000000| Untracked 
|  29|0x00000000c3100000, 0x00000000c31bd788, 0x00000000c3200000| 74%| S|CS|TAMS 0x00000000c3100000, 0x00000000c3100000| Complete 
|  30|0x00000000c3200000, 0x00000000c3200000, 0x00000000c3300000|  0%| F|  |TAMS 0x00000000c3200000, 0x00000000c3200000| Untracked 
|  31|0x00000000c3300000, 0x00000000c330a918, 0x00000000c3400000|  4%| E|  |TAMS 0x00000000c3300000, 0x00000000c3300000| Complete 
|  32|0x00000000c3400000, 0x00000000c3500000, 0x00000000c3500000|100%| E|CS|TAMS 0x00000000c3400000, 0x00000000c3400000| Complete 
|  33|0x00000000c3500000, 0x00000000c3600000, 0x00000000c3600000|100%| E|CS|TAMS 0x00000000c3500000, 0x00000000c3500000| Complete 
|  34|0x00000000c3600000, 0x00000000c3700000, 0x00000000c3700000|100%| E|  |TAMS 0x00000000c3600000, 0x00000000c3600000| Complete 
|  35|0x00000000c3700000, 0x00000000c3800000, 0x00000000c3800000|100%| E|CS|TAMS 0x00000000c3700000, 0x00000000c3700000| Complete 
|  36|0x00000000c3800000, 0x00000000c3900000, 0x00000000c3900000|100%| E|CS|TAMS 0x00000000c3800000, 0x00000000c3800000| Complete 
|  37|0x00000000c3900000, 0x00000000c3a00000, 0x00000000c3a00000|100%| E|CS|TAMS 0x00000000c3900000, 0x00000000c3900000| Complete 
|  38|0x00000000c3a00000, 0x00000000c3b00000, 0x00000000c3b00000|100%| E|CS|TAMS 0x00000000c3a00000, 0x00000000c3a00000| Complete 
|  39|0x00000000c3b00000, 0x00000000c3c00000, 0x00000000c3c00000|100%| E|CS|TAMS 0x00000000c3b00000, 0x00000000c3b00000| Complete 
|  40|0x00000000c3c00000, 0x00000000c3d00000, 0x00000000c3d00000|100%| E|CS|TAMS 0x00000000c3c00000, 0x00000000c3c00000| Complete 
|  41|0x00000000c3d00000, 0x00000000c3e00000, 0x00000000c3e00000|100%| E|CS|TAMS 0x00000000c3d00000, 0x00000000c3d00000| Complete 
|  42|0x00000000c3e00000, 0x00000000c3f00000, 0x00000000c3f00000|100%| E|CS|TAMS 0x00000000c3e00000, 0x00000000c3e00000| Complete 
|  43|0x00000000c3f00000, 0x00000000c4000000, 0x00000000c4000000|100%| E|CS|TAMS 0x00000000c3f00000, 0x00000000c3f00000| Complete 
|  44|0x00000000c4000000, 0x00000000c4100000, 0x00000000c4100000|100%| E|CS|TAMS 0x00000000c4000000, 0x00000000c4000000| Complete 
|  45|0x00000000c4100000, 0x00000000c4200000, 0x00000000c4200000|100%| E|CS|TAMS 0x00000000c4100000, 0x00000000c4100000| Complete 
|  46|0x00000000c4200000, 0x00000000c4300000, 0x00000000c4300000|100%| E|CS|TAMS 0x00000000c4200000, 0x00000000c4200000| Complete 
|  47|0x00000000c4300000, 0x00000000c4400000, 0x00000000c4400000|100%| E|CS|TAMS 0x00000000c4300000, 0x00000000c4300000| Complete 
|  48|0x00000000c4400000, 0x00000000c4500000, 0x00000000c4500000|100%| E|CS|TAMS 0x00000000c4400000, 0x00000000c4400000| Complete 
|  49|0x00000000c4500000, 0x00000000c4600000, 0x00000000c4600000|100%| E|CS|TAMS 0x00000000c4500000, 0x00000000c4500000| Complete 
|  50|0x00000000c4600000, 0x00000000c4700000, 0x00000000c4700000|100%| E|CS|TAMS 0x00000000c4600000, 0x00000000c4600000| Complete 
|  57|0x00000000c4d00000, 0x00000000c4e00000, 0x00000000c4e00000|100%| E|CS|TAMS 0x00000000c4d00000, 0x00000000c4d00000| Complete 
|  63|0x00000000c5300000, 0x00000000c5400000, 0x00000000c5400000|100%| E|CS|TAMS 0x00000000c5300000, 0x00000000c5300000| Complete 

Card table byte_map: [0x00000159739b0000,0x0000015973bb0000] _byte_map_base: 0x00000159733a6000

Marking Bits (Prev, Next): (CMBitMap*) 0x0000015969390038, (CMBitMap*) 0x0000015969390078
 Prev Bits: [0x0000015973db0000, 0x0000015974d60000)
 Next Bits: [0x0000015974d60000, 0x0000015975d10000)

Polling page: 0x00000159691d0000

Metaspace:

Usage:
  Non-class:     36.40 MB capacity,    35.87 MB ( 99%) used,   449.05 KB (  1%) free+waste,    99.88 KB ( <1%) overhead. 
      Class:      5.33 MB capacity,     5.07 MB ( 95%) used,   230.39 KB (  4%) free+waste,    43.56 KB ( <1%) overhead. 
       Both:     41.74 MB capacity,    40.93 MB ( 98%) used,   679.45 KB (  2%) free+waste,   143.44 KB ( <1%) overhead. 

Virtual space:
  Non-class space:       38.00 MB reserved,      36.42 MB ( 96%) committed 
      Class space:        1.00 GB reserved,       5.38 MB ( <1%) committed 
             Both:        1.04 GB reserved,      41.79 MB (  4%) committed 

Chunk freelists:
   Non-Class:  15.00 KB
       Class:  0 bytes
        Both:  15.00 KB

MaxMetaspaceSize: 17179869184.00 GB
CompressedClassSpaceSize: 1.00 GB

CodeHeap 'non-profiled nmethods': size=120000Kb used=4697Kb max_used=4792Kb free=115303Kb
 bounds [0x0000015907ad0000, 0x0000015907f80000, 0x000001590f000000]
CodeHeap 'profiled nmethods': size=120000Kb used=11158Kb max_used=11277Kb free=108841Kb
 bounds [0x00000159005a0000, 0x00000159010c0000, 0x0000015907ad0000]
CodeHeap 'non-nmethods': size=5760Kb used=1350Kb max_used=1393Kb free=4409Kb
 bounds [0x0000015900000000, 0x0000015900270000, 0x00000159005a0000]
 total_blobs=10699 nmethods=5853 adapters=558
 compilation: enabled
              stopped_count=0, restarted_count=0
 full_count=0

Compilation events (20 events):
Event: 8715.433 Thread 0x0000015978aae800 nmethod 7321 0x0000015900f79b90 code [0x0000015900f7a3c0, 0x0000015900f805a0]
Event: 8715.433 Thread 0x0000015978aae800 7322       3       sun.security.util.math.IntegerModuloP::pow (77 bytes)
Event: 8715.435 Thread 0x0000015978aae800 nmethod 7322 0x0000015900b4c310 code [0x0000015900b4c660, 0x0000015900b4e440]
Event: 8715.480 Thread 0x0000015978aad000 7323       4       sun.security.provider.HashDrbg::addBytes (130 bytes)
Event: 8715.480 Thread 0x0000015978aae800 7324       3       sun.net.www.http.HttpClient::getHttpKeepAliveSet (4 bytes)
Event: 8715.481 Thread 0x0000015978aae800 nmethod 7324 0x0000015900792e90 code [0x0000015900793040, 0x00000159007931d8]
Event: 8715.489 Thread 0x0000015978aad000 nmethod 7323 0x0000015907cfe490 code [0x0000015907cfe620, 0x0000015907cfe9d8]
Event: 8783.449 Thread 0x0000015978aae800 7325       3       java.util.stream.SortedOps$OfRef::<init> (32 bytes)
Event: 8784.939 Thread 0x0000015978aae800 nmethod 7325 0x0000015900880f90 code [0x0000015900881180, 0x0000015900881720]
Event: 8823.838 Thread 0x0000015978aae800 7326       3       java.util.stream.SortedOps$SizedRefSortingSink::end (129 bytes)
Event: 8828.795 Thread 0x0000015978aae800 nmethod 7326 0x000001590097b190 code [0x000001590097b3c0, 0x000001590097bc60]
Event: 8958.980 Thread 0x0000015978aad000 7328       4       jdk.internal.loader.BuiltinClassLoader::findResourceOnClassPath (41 bytes)
Event: 8974.300 Thread 0x0000015978aae800 7329       3       java.util.stream.Collectors$$Lambda$87/0x0000000800cba840::get (16 bytes)
Event: 8980.021 Thread 0x0000015978aae800 nmethod 7329 0x00000159008e2a90 code [0x00000159008e2c40, 0x00000159008e2ed0]
Event: 8980.021 Thread 0x0000015978aae800 7330       3       java.util.stream.Collectors$$Lambda$90/0x0000000800cba440::apply (8 bytes)
Event: 8980.456 Thread 0x0000015978aae800 nmethod 7330 0x0000015900abc390 code [0x0000015900abc540, 0x0000015900abc810]
Event: 9031.778 Thread 0x0000015978aae800 7334       1       sun.security.ec.XECParameters::getP (5 bytes)
Event: 9034.046 Thread 0x0000015978aae800 nmethod 7334 0x0000015907c89910 code [0x0000015907c89aa0, 0x0000015907c89bd8]
Event: 9039.756 Thread 0x0000015978aae800 7337       3       java.util.concurrent.locks.LockSupport::park (23 bytes)
Event: 9042.402 Thread 0x0000015978aae800 nmethod 7337 0x0000015900aef490 code [0x0000015900aef660, 0x0000015900aef9b0]

GC Heap History (20 events):
Event: 6956.957 GC heap before
{Heap before GC invocations=100 (full 0):
 garbage-first heap   total 54272K, used 31730K [0x00000000c1400000, 0x0000000100000000)
  region size 1024K, 16 young (16384K), 1 survivors (1024K)
 Metaspace       used 41120K, capacity 41927K, committed 42028K, reserved 1085440K
  class space    used 5158K, capacity 5454K, committed 5504K, reserved 1048576K
}
Event: 6957.018 GC heap after
{Heap after GC invocations=101 (full 0):
 garbage-first heap   total 54272K, used 17401K [0x00000000c1400000, 0x0000000100000000)
  region size 1024K, 1 young (1024K), 1 survivors (1024K)
 Metaspace       used 41120K, capacity 41927K, committed 42028K, reserved 1085440K
  class space    used 5158K, capacity 5454K, committed 5504K, reserved 1048576K
}
Event: 7346.743 GC heap before
{Heap before GC invocations=101 (full 0):
 garbage-first heap   total 54272K, used 33785K [0x00000000c1400000, 0x0000000100000000)
  region size 1024K, 17 young (17408K), 1 survivors (1024K)
 Metaspace       used 41120K, capacity 41927K, committed 42028K, reserved 1085440K
  class space    used 5158K, capacity 5454K, committed 5504K, reserved 1048576K
}
Event: 7346.788 GC heap after
{Heap after GC invocations=102 (full 0):
 garbage-first heap   total 54272K, used 17405K [0x00000000c1400000, 0x0000000100000000)
  region size 1024K, 1 young (1024K), 1 survivors (1024K)
 Metaspace       used 41120K, capacity 41927K, committed 42028K, reserved 1085440K
  class space    used 5158K, capacity 5454K, committed 5504K, reserved 1048576K
}
Event: 7690.392 GC heap before
{Heap before GC invocations=102 (full 0):
 garbage-first heap   total 54272K, used 35837K [0x00000000c1400000, 0x0000000100000000)
  region size 1024K, 19 young (19456K), 1 survivors (1024K)
 Metaspace       used 41120K, capacity 41927K, committed 42028K, reserved 1085440K
  class space    used 5158K, capacity 5454K, committed 5504K, reserved 1048576K
}
Event: 7690.438 GC heap after
{Heap after GC invocations=103 (full 0):
 garbage-first heap   total 54272K, used 17398K [0x00000000c1400000, 0x0000000100000000)
  region size 1024K, 1 young (1024K), 1 survivors (1024K)
 Metaspace       used 41120K, capacity 41927K, committed 42028K, reserved 1085440K
  class space    used 5158K, capacity 5454K, committed 5504K, reserved 1048576K
}
Event: 7924.678 GC heap before
{Heap before GC invocations=103 (full 0):
 garbage-first heap   total 54272K, used 29686K [0x00000000c1400000, 0x0000000100000000)
  region size 1024K, 13 young (13312K), 1 survivors (1024K)
 Metaspace       used 41304K, capacity 42079K, committed 42284K, reserved 1085440K
  class space    used 5162K, capacity 5460K, committed 5504K, reserved 1048576K
}
Event: 7924.770 GC heap after
{Heap after GC invocations=104 (full 0):
 garbage-first heap   total 54272K, used 17929K [0x00000000c1400000, 0x0000000100000000)
  region size 1024K, 1 young (1024K), 1 survivors (1024K)
 Metaspace       used 41304K, capacity 42079K, committed 42284K, reserved 1085440K
  class space    used 5162K, capacity 5460K, committed 5504K, reserved 1048576K
}
Event: 8083.279 GC heap before
{Heap before GC invocations=104 (full 0):
 garbage-first heap   total 54272K, used 34313K [0x00000000c1400000, 0x0000000100000000)
  region size 1024K, 18 young (18432K), 1 survivors (1024K)
 Metaspace       used 41862K, capacity 42673K, committed 42796K, reserved 1087488K
  class space    used 5189K, capacity 5463K, committed 5504K, reserved 1048576K
}
Event: 8083.282 GC heap after
{Heap after GC invocations=105 (full 0):
 garbage-first heap   total 54272K, used 18462K [0x00000000c1400000, 0x0000000100000000)
  region size 1024K, 2 young (2048K), 2 survivors (2048K)
 Metaspace       used 41862K, capacity 42673K, committed 42796K, reserved 1087488K
  class space    used 5189K, capacity 5463K, committed 5504K, reserved 1048576K
}
Event: 8261.554 GC heap before
{Heap before GC invocations=105 (full 0):
 garbage-first heap   total 54272K, used 36894K [0x00000000c1400000, 0x0000000100000000)
  region size 1024K, 21 young (21504K), 2 survivors (2048K)
 Metaspace       used 41876K, capacity 42674K, committed 42796K, reserved 1087488K
  class space    used 5189K, capacity 5463K, committed 5504K, reserved 1048576K
}
Event: 8261.558 GC heap after
{Heap after GC invocations=106 (full 0):
 garbage-first heap   total 54272K, used 18652K [0x00000000c1400000, 0x0000000100000000)
  region size 1024K, 2 young (2048K), 2 survivors (2048K)
 Metaspace       used 41876K, capacity 42674K, committed 42796K, reserved 1087488K
  class space    used 5189K, capacity 5463K, committed 5504K, reserved 1048576K
}
Event: 8369.528 GC heap before
{Heap before GC invocations=106 (full 0):
 garbage-first heap   total 54272K, used 38108K [0x00000000c1400000, 0x0000000100000000)
  region size 1024K, 22 young (22528K), 2 survivors (2048K)
 Metaspace       used 41885K, capacity 42674K, committed 42796K, reserved 1087488K
  class space    used 5189K, capacity 5463K, committed 5504K, reserved 1048576K
}
Event: 8369.531 GC heap after
{Heap after GC invocations=107 (full 0):
 garbage-first heap   total 54272K, used 18757K [0x00000000c1400000, 0x0000000100000000)
  region size 1024K, 2 young (2048K), 2 survivors (2048K)
 Metaspace       used 41885K, capacity 42674K, committed 42796K, reserved 1087488K
  class space    used 5189K, capacity 5463K, committed 5504K, reserved 1048576K
}
Event: 8469.707 GC heap before
{Heap before GC invocations=107 (full 0):
 garbage-first heap   total 54272K, used 40261K [0x00000000c1400000, 0x0000000100000000)
  region size 1024K, 23 young (23552K), 2 survivors (2048K)
 Metaspace       used 41886K, capacity 42674K, committed 42796K, reserved 1087488K
  class space    used 5189K, capacity 5463K, committed 5504K, reserved 1048576K
}
Event: 8469.754 GC heap after
{Heap after GC invocations=108 (full 0):
 garbage-first heap   total 54272K, used 18106K [0x00000000c1400000, 0x0000000100000000)
  region size 1024K, 1 young (1024K), 1 survivors (1024K)
 Metaspace       used 41886K, capacity 42674K, committed 42796K, reserved 1087488K
  class space    used 5189K, capacity 5463K, committed 5504K, reserved 1048576K
}
Event: 8565.846 GC heap before
{Heap before GC invocations=108 (full 0):
 garbage-first heap   total 54272K, used 41658K [0x00000000c1400000, 0x0000000100000000)
  region size 1024K, 24 young (24576K), 1 survivors (1024K)
 Metaspace       used 41897K, capacity 42738K, committed 42796K, reserved 1087488K
  class space    used 5189K, capacity 5463K, committed 5504K, reserved 1048576K
}
Event: 8565.849 GC heap after
{Heap after GC invocations=109 (full 0):
 garbage-first heap   total 54272K, used 18139K [0x00000000c1400000, 0x0000000100000000)
  region size 1024K, 1 young (1024K), 1 survivors (1024K)
 Metaspace       used 41897K, capacity 42738K, committed 42796K, reserved 1087488K
  class space    used 5189K, capacity 5463K, committed 5504K, reserved 1048576K
}
Event: 8656.992 GC heap before
{Heap before GC invocations=109 (full 0):
 garbage-first heap   total 54272K, used 41691K [0x00000000c1400000, 0x0000000100000000)
  region size 1024K, 24 young (24576K), 1 survivors (1024K)
 Metaspace       used 41902K, capacity 42738K, committed 42796K, reserved 1087488K
  class space    used 5189K, capacity 5463K, committed 5504K, reserved 1048576K
}
Event: 8656.995 GC heap after
{Heap after GC invocations=110 (full 0):
 garbage-first heap   total 54272K, used 18037K [0x00000000c1400000, 0x0000000100000000)
  region size 1024K, 1 young (1024K), 1 survivors (1024K)
 Metaspace       used 41902K, capacity 42738K, committed 42796K, reserved 1087488K
  class space    used 5189K, capacity 5463K, committed 5504K, reserved 1048576K
}

Deoptimization events (20 events):
Event: 8694.309 Thread 0x000001597ad60000 Uncommon trap: trap_request=0xffffffbe fr.pc=0x0000015907e0c5f4 relative=0x00000000000002d4
Event: 8694.309 Thread 0x000001597ad60000 Uncommon trap: reason=profile_predicate action=maybe_recompile pc=0x0000015907e0c5f4 method=sun.security.provider.HashDrbg.addBytes([BI[[B)V @ 36 c2
Event: 8694.309 Thread 0x000001597ad60000 DEOPT PACKING pc=0x0000015907e0c5f4 sp=0x00000006e03fed30
Event: 8694.309 Thread 0x000001597ad60000 DEOPT UNPACKING pc=0x0000015900049429 sp=0x00000006e03fec80 mode 2
Event: 8694.309 Thread 0x000001597ad60000 Uncommon trap: trap_request=0xffffffbe fr.pc=0x0000015907e0c5f4 relative=0x00000000000002d4
Event: 8694.309 Thread 0x000001597ad60000 Uncommon trap: reason=profile_predicate action=maybe_recompile pc=0x0000015907e0c5f4 method=sun.security.provider.HashDrbg.addBytes([BI[[B)V @ 36 c2
Event: 8694.309 Thread 0x000001597ad60000 DEOPT PACKING pc=0x0000015907e0c5f4 sp=0x00000006e03fed40
Event: 8694.309 Thread 0x000001597ad60000 DEOPT UNPACKING pc=0x0000015900049429 sp=0x00000006e03fec90 mode 2
Event: 8694.309 Thread 0x000001597ad60000 Uncommon trap: trap_request=0xffffffbe fr.pc=0x0000015907e0c5f4 relative=0x00000000000002d4
Event: 8694.309 Thread 0x000001597ad60000 Uncommon trap: reason=profile_predicate action=maybe_recompile pc=0x0000015907e0c5f4 method=sun.security.provider.HashDrbg.addBytes([BI[[B)V @ 36 c2
Event: 8694.309 Thread 0x000001597ad60000 DEOPT PACKING pc=0x0000015907e0c5f4 sp=0x00000006e03fecb0
Event: 8694.309 Thread 0x000001597ad60000 DEOPT UNPACKING pc=0x0000015900049429 sp=0x00000006e03fec00 mode 2
Event: 8694.309 Thread 0x000001597ad60000 Uncommon trap: trap_request=0xffffffbe fr.pc=0x0000015907e0c5f4 relative=0x00000000000002d4
Event: 8694.309 Thread 0x000001597ad60000 Uncommon trap: reason=profile_predicate action=maybe_recompile pc=0x0000015907e0c5f4 method=sun.security.provider.HashDrbg.addBytes([BI[[B)V @ 36 c2
Event: 8694.310 Thread 0x000001597ad60000 DEOPT PACKING pc=0x0000015907e0c5f4 sp=0x00000006e03fecc0
Event: 8694.310 Thread 0x000001597ad60000 DEOPT UNPACKING pc=0x0000015900049429 sp=0x00000006e03fec10 mode 2
Event: 8944.811 Thread 0x000001597a512000 Uncommon trap: trap_request=0xffffff45 fr.pc=0x0000015907de3d10 relative=0x0000000000000170
Event: 8946.955 Thread 0x000001597a512000 Uncommon trap: reason=unstable_if action=reinterpret pc=0x0000015907de3d10 method=java.util.concurrent.locks.ReentrantLock$Sync.nonfairTryAcquire(I)Z @ 19 c2
Event: 8947.378 Thread 0x000001597a512000 DEOPT PACKING pc=0x0000015907de3d10 sp=0x00000006df4fe7f0
Event: 8949.172 Thread 0x000001597a512000 DEOPT UNPACKING pc=0x0000015900049429 sp=0x00000006df4fe660 mode 2

Classes unloaded (0 events):
No events

Classes redefined (0 events):
No events

Internal exceptions (20 events):
Event: 6050.004 Thread 0x000001597a509800 Exception <a 'java/lang/InterruptedException'{0x00000000c5380498}: sleep interrupted> (0x00000000c5380498) 
thrown [t:/workspace/open/src/hotspot/share/prims/jvm.cpp, line 2966]
Event: 6050.844 Thread 0x000001597a509000 Exception <a 'java/net/SocketException'{0x00000000c5381628}: Socket is not connected: shutdown> (0x00000000c5381628) 
thrown [t:/workspace/open/src/hotspot/share/prims/jni.cpp, line 619]
Event: 6051.680 Thread 0x000001597a509000 Exception <a 'java/net/SocketException'{0x00000000c5382cf0}: Socket is not connected: shutdown> (0x00000000c5382cf0) 
thrown [t:/workspace/open/src/hotspot/share/prims/jni.cpp, line 619]
Event: 6365.157 Thread 0x000001597a509000 Exception <a 'java/net/SocketException'{0x00000000c530dac8}: Socket is not connected: shutdown> (0x00000000c530dac8) 
thrown [t:/workspace/open/src/hotspot/share/prims/jni.cpp, line 619]
Event: 7853.795 Thread 0x000001597a509000 Exception <a 'java/net/SocketException'{0x00000000c4144af0}: Socket is not connected: shutdown> (0x00000000c4144af0) 
thrown [t:/workspace/open/src/hotspot/share/prims/jni.cpp, line 619]
Event: 7929.465 Thread 0x000001596935d000 Implicit null exception at 0x0000015907cb7ceb to 0x0000015907cb7d4f
Event: 7929.561 Thread 0x000001596935d000 Implicit null exception at 0x0000015907d67451 to 0x0000015907d674b2
Event: 7994.370 Thread 0x000001597a509000 Exception <a 'java/net/SocketException'{0x00000000c3a338f0}: Socket is not connected: shutdown> (0x00000000c3a338f0) 
thrown [t:/workspace/open/src/hotspot/share/prims/jni.cpp, line 619]
Event: 7994.888 Thread 0x000001597a510000 Exception <a 'java/net/SocketException'{0x00000000c3a7d760}: Socket is not connected: shutdown> (0x00000000c3a7d760) 
thrown [t:/workspace/open/src/hotspot/share/prims/jni.cpp, line 619]
Event: 8114.519 Thread 0x000001597a512000 Exception <a 'java/net/SocketException'{0x00000000c4d78f38}: Socket is not connected: shutdown> (0x00000000c4d78f38) 
thrown [t:/workspace/open/src/hotspot/share/prims/jni.cpp, line 619]
Event: 8115.039 Thread 0x000001597a512800 Exception <a 'java/net/SocketException'{0x00000000c4daa058}: Socket is not connected: shutdown> (0x00000000c4daa058) 
thrown [t:/workspace/open/src/hotspot/share/prims/jni.cpp, line 619]
Event: 8234.702 Thread 0x000001597ad5a000 Exception <a 'java/net/SocketException'{0x00000000c3b9cbc8}: Socket is not connected: shutdown> (0x00000000c3b9cbc8) 
thrown [t:/workspace/open/src/hotspot/share/prims/jni.cpp, line 619]
Event: 8235.236 Thread 0x000001597ad60000 Exception <a 'java/net/SocketException'{0x00000000c3bcdce8}: Socket is not connected: shutdown> (0x00000000c3bcdce8) 
thrown [t:/workspace/open/src/hotspot/share/prims/jni.cpp, line 619]
Event: 8354.888 Thread 0x000001597ad60000 Exception <a 'java/net/SocketException'{0x00000000c3ae5d20}: Socket is not connected: shutdown> (0x00000000c3ae5d20) 
thrown [t:/workspace/open/src/hotspot/share/prims/jni.cpp, line 619]
Event: 8355.416 Thread 0x000001597ad60800 Exception <a 'java/net/SocketException'{0x00000000c3908f28}: Socket is not connected: shutdown> (0x00000000c3908f28) 
thrown [t:/workspace/open/src/hotspot/share/prims/jni.cpp, line 619]
Event: 8633.490 Thread 0x000001597ad60800 Exception <a 'java/net/SocketException'{0x00000000c3400ba8}: Socket is not connected: shutdown> (0x00000000c3400ba8) 
thrown [t:/workspace/open/src/hotspot/share/prims/jni.cpp, line 619]
Event: 8693.493 Thread 0x000001597ad62800 Exception <a 'java/net/SocketException'{0x00000000c4100b48}: Socket is not connected: shutdown> (0x00000000c4100b48) 
thrown [t:/workspace/open/src/hotspot/share/prims/jni.cpp, line 619]
Event: 8694.009 Thread 0x000001597a5fa000 Exception <a 'java/net/SocketException'{0x00000000c4123b00}: Socket is not connected: shutdown> (0x00000000c4123b00) 
thrown [t:/workspace/open/src/hotspot/share/prims/jni.cpp, line 619]
Event: 9043.848 Thread 0x000001597a5fb000 Exception <a 'java/net/SocketException'{0x00000000c3b23810}: Socket is not connected: shutdown> (0x00000000c3b23810) 
thrown [t:/workspace/open/src/hotspot/share/prims/jni.cpp, line 619]
Event: 9043.848 Thread 0x000001597ad5d800 Exception <a 'java/net/SocketException'{0x00000000c34a4c40}: Socket is not connected: shutdown> (0x00000000c34a4c40) 
thrown [t:/workspace/open/src/hotspot/share/prims/jni.cpp, line 619]

Events (20 events):
Event: 8923.358 Executing VM operation: RevokeBias
Event: 8925.983 Executing VM operation: RevokeBias done
Event: 8925.983 Executing VM operation: RevokeBias
Event: 8927.910 Executing VM operation: RevokeBias done
Event: 8931.164 Executing VM operation: RevokeBias
Event: 8931.689 Executing VM operation: RevokeBias done
Event: 8959.277 Thread 0x000001597a5fa000 Thread added: 0x000001597a5fa000
Event: 8960.351 Thread 0x000001597a509000 Thread added: 0x000001597a509000
Event: 9002.428 Thread 0x000001597a512000 Thread exited: 0x000001597a512000
Event: 9003.537 Thread 0x000001597ad5a000 Thread exited: 0x000001597ad5a000
Event: 9009.956 Executing VM operation: RevokeBias
Event: 9013.684 Executing VM operation: RevokeBias done
Event: 9013.684 Executing VM operation: RevokeBias
Event: 9016.234 Executing VM operation: RevokeBias done
Event: 9039.621 Executing VM operation: RevokeBias
Event: 9040.670 Executing VM operation: RevokeBias done
Event: 9040.670 Executing VM operation: RevokeBias
Event: 9041.762 Executing VM operation: RevokeBias done
Event: 9041.810 Thread 0x000001597a509000 Thread exited: 0x000001597a509000
Event: 9041.834 Thread 0x000001597a5fa000 Thread exited: 0x000001597a5fa000


Dynamic libraries:
0x00007ff6c21e0000 - 0x00007ff6c21ef000 	C:\Program Files\Java\jdk-13.0.2\bin\java.exe
0x00007ff986190000 - 0x00007ff986386000 	C:\WINDOWS\SYSTEM32\ntdll.dll
0x00007ff986090000 - 0x00007ff98614d000 	C:\WINDOWS\System32\KERNEL32.DLL
0x00007ff983be0000 - 0x00007ff983ea8000 	C:\WINDOWS\System32\KERNELBASE.dll
0x00007ff983900000 - 0x00007ff983a00000 	C:\WINDOWS\System32\ucrtbase.dll
0x00007ff97f6c0000 - 0x00007ff97f6d5000 	C:\Program Files\Java\jdk-13.0.2\bin\VCRUNTIME140.dll
0x00007ff97f6e0000 - 0x00007ff97f6f8000 	C:\Program Files\Java\jdk-13.0.2\bin\jli.dll
0x00007ff985bf0000 - 0x00007ff985c9c000 	C:\WINDOWS\System32\ADVAPI32.dll
0x00007ff985a10000 - 0x00007ff985aae000 	C:\WINDOWS\System32\msvcrt.dll
0x00007ff984be0000 - 0x00007ff984c7b000 	C:\WINDOWS\System32\sechost.dll
0x00007ff9858e0000 - 0x00007ff985a04000 	C:\WINDOWS\System32\RPCRT4.dll
0x00007ff984c80000 - 0x00007ff984e20000 	C:\WINDOWS\System32\USER32.dll
0x00007ff983f10000 - 0x00007ff983f32000 	C:\WINDOWS\System32\win32u.dll
0x00007ff9731f0000 - 0x00007ff97348b000 	C:\WINDOWS\WinSxS\amd64_microsoft.windows.common-controls_6595b64144ccf1df_6.0.19041.488_none_ca04af081b815d21\COMCTL32.dll
0x00007ff985ca0000 - 0x00007ff985cca000 	C:\WINDOWS\System32\GDI32.dll
0x00007ff983a00000 - 0x00007ff983b09000 	C:\WINDOWS\System32\gdi32full.dll
0x00007ff983ff0000 - 0x00007ff98408d000 	C:\WINDOWS\System32\msvcp_win.dll
0x00007ff9782e0000 - 0x00007ff9782ea000 	C:\WINDOWS\SYSTEM32\VERSION.dll
0x00007ff984e40000 - 0x00007ff984e70000 	C:\WINDOWS\System32\IMM32.DLL
0x00007ff96ae50000 - 0x00007ff96aeeb000 	C:\Program Files\Java\jdk-13.0.2\bin\msvcp140.dll
0x00007ff921b50000 - 0x00007ff9226ad000 	C:\Program Files\Java\jdk-13.0.2\bin\server\jvm.dll
0x00007ff984e70000 - 0x00007ff984e78000 	C:\WINDOWS\System32\PSAPI.DLL
0x00007ff9820a0000 - 0x00007ff9820a9000 	C:\WINDOWS\SYSTEM32\WSOCK32.dll
0x00007ff9738e0000 - 0x00007ff973907000 	C:\WINDOWS\SYSTEM32\WINMM.dll
0x00007ff985870000 - 0x00007ff9858db000 	C:\WINDOWS\System32\WS2_32.dll
0x00007ff9824b0000 - 0x00007ff9824c2000 	C:\WINDOWS\SYSTEM32\kernel.appcore.dll
0x00007ff980c80000 - 0x00007ff980c90000 	C:\Program Files\Java\jdk-13.0.2\bin\verify.dll
0x00007ff981e90000 - 0x00007ff982074000 	C:\WINDOWS\SYSTEM32\DBGHELP.DLL
0x00007ff978120000 - 0x00007ff97814c000 	C:\WINDOWS\SYSTEM32\dbgcore.DLL
0x00007ff983b60000 - 0x00007ff983bdf000 	C:\WINDOWS\System32\bcryptPrimitives.dll
0x00007ff97c330000 - 0x00007ff97c356000 	C:\Program Files\Java\jdk-13.0.2\bin\java.dll
0x00007ff9807d0000 - 0x00007ff9807de000 	C:\Program Files\Java\jdk-13.0.2\bin\instrument.dll
0x00007ff97dab0000 - 0x00007ff97dac7000 	C:\Program Files\Java\jdk-13.0.2\bin\zip.dll
0x00007ff9807b0000 - 0x00007ff9807ba000 	C:\Program Files\Java\jdk-13.0.2\bin\jimage.dll
0x00007ff985110000 - 0x00007ff985851000 	C:\WINDOWS\System32\SHELL32.dll
0x00007ff981630000 - 0x00007ff981dc5000 	C:\WINDOWS\SYSTEM32\windows.storage.dll
0x00007ff985cd0000 - 0x00007ff986025000 	C:\WINDOWS\System32\combase.dll
0x00007ff983340000 - 0x00007ff98336c000 	C:\WINDOWS\SYSTEM32\Wldp.dll
0x00007ff984300000 - 0x00007ff9843ae000 	C:\WINDOWS\System32\SHCORE.dll
0x00007ff984e80000 - 0x00007ff984ed5000 	C:\WINDOWS\System32\shlwapi.dll
0x00007ff983800000 - 0x00007ff983826000 	C:\WINDOWS\SYSTEM32\profapi.dll
0x00007ff97c310000 - 0x00007ff97c329000 	C:\Program Files\Java\jdk-13.0.2\bin\net.dll
0x00007ff975290000 - 0x00007ff975390000 	C:\WINDOWS\SYSTEM32\WINHTTP.dll
0x00007ff9830c0000 - 0x00007ff98312a000 	C:\WINDOWS\system32\mswsock.dll
0x00007ff96f210000 - 0x00007ff96f223000 	C:\Program Files\Java\jdk-13.0.2\bin\nio.dll
0x00007ff96f160000 - 0x00007ff96f17a000 	C:\Program Files\JetBrains\IntelliJ IDEA 2019.3.3\bin\breakgen64.dll
0x00007ff983290000 - 0x00007ff9832a8000 	C:\WINDOWS\SYSTEM32\CRYPTSP.dll
0x00007ff9829e0000 - 0x00007ff982a14000 	C:\WINDOWS\system32\rsaenh.dll
0x00007ff9838d0000 - 0x00007ff9838f7000 	C:\WINDOWS\System32\bcrypt.dll
0x00007ff983780000 - 0x00007ff9837ae000 	C:\WINDOWS\SYSTEM32\USERENV.dll
0x00007ff9832b0000 - 0x00007ff9832bc000 	C:\WINDOWS\SYSTEM32\CRYPTBASE.dll
0x00007ff982d60000 - 0x00007ff982d9b000 	C:\WINDOWS\SYSTEM32\IPHLPAPI.DLL
0x00007ff985860000 - 0x00007ff985868000 	C:\WINDOWS\System32\NSI.dll
0x00007ff97b910000 - 0x00007ff97b927000 	C:\WINDOWS\SYSTEM32\dhcpcsvc6.DLL
0x00007ff97b8f0000 - 0x00007ff97b90d000 	C:\WINDOWS\SYSTEM32\dhcpcsvc.DLL
0x00007ff982da0000 - 0x00007ff982e6b000 	C:\WINDOWS\SYSTEM32\DNSAPI.dll
0x00007ff972990000 - 0x00007ff97299a000 	C:\Windows\System32\rasadhlp.dll
0x00007ff9729d0000 - 0x00007ff972a4f000 	C:\WINDOWS\System32\fwpuclnt.dll
0x00007ff974a60000 - 0x00007ff974a6e000 	C:\Program Files\Java\jdk-13.0.2\bin\sunmscapi.dll
0x00007ff984090000 - 0x00007ff9841ed000 	C:\WINDOWS\System32\CRYPT32.dll
0x00007ff9833b0000 - 0x00007ff9833d7000 	C:\WINDOWS\SYSTEM32\ncrypt.dll
0x00007ff983370000 - 0x00007ff9833ab000 	C:\WINDOWS\SYSTEM32\NTASN1.dll
0x00007ff96f130000 - 0x00007ff96f155000 	C:\Program Files\Java\jdk-13.0.2\bin\sunec.dll
0x00007ff96d700000 - 0x00007ff96d717000 	C:\WINDOWS\system32\napinsp.dll
0x00007ff96d6e0000 - 0x00007ff96d6fb000 	C:\WINDOWS\system32\pnrpnsp.dll
0x00007ff96d6c0000 - 0x00007ff96d6d5000 	C:\WINDOWS\system32\wshbth.dll
0x00007ff97e940000 - 0x00007ff97e95d000 	C:\WINDOWS\system32\NLAapi.dll
0x00007ff96d380000 - 0x00007ff96d392000 	C:\WINDOWS\System32\winrnr.dll

dbghelp: loaded successfully - version: 4.0.5 - missing functions: none
symbol engine: initialized successfully - sym options: 0x614 - pdb path: .;C:\Program Files\Java\jdk-13.0.2\bin;C:\WINDOWS\SYSTEM32;C:\WINDOWS\WinSxS\amd64_microsoft.windows.common-controls_6595b64144ccf1df_6.0.19041.488_none_ca04af081b815d21;C:\Program Files\Java\jdk-13.0.2\bin\server;C:\Program Files\JetBrains\IntelliJ IDEA 2019.3.3\bin

VM Arguments:
jvm_args: -javaagent:C:\Program Files\JetBrains\IntelliJ IDEA 2019.3.3\lib\idea_rt.jar=58692:C:\Program Files\JetBrains\IntelliJ IDEA 2019.3.3\bin -Dfile.encoding=UTF-8 
java_command: Main
java_class_path (initial): C:\Program Files\selenium-server-standalone-3.141.59.jar;C:\Program Files\jregex1.2_01.jar;C:\Program Files (x86)\MySQL\Connector J 8.0\mysql-connector-java-8.0.21.jar;C:\PhantomJSDriver\phantomjsdriver-3.0.0-beta1.jar;C:\Intellij_Idea__Practicum\ArmyBotsTelegramForDataBase\out\production\ArmyBotsTelegramForDataBase;C:\Users\RET\.m2\repository\org\hibernate\hibernate-core\5.4.2.Final\hibernate-core-5.4.2.Final.jar;C:\Users\RET\.m2\repository\org\jboss\logging\jboss-logging\3.3.2.Final\jboss-logging-3.3.2.Final.jar;C:\Users\RET\.m2\repository\javax\persistence\javax.persistence-api\2.2\javax.persistence-api-2.2.jar;C:\Users\RET\.m2\repository\org\javassist\javassist\3.24.0-GA\javassist-3.24.0-GA.jar;C:\Users\RET\.m2\repository\net\bytebuddy\byte-buddy\1.9.10\byte-buddy-1.9.10.jar;C:\Users\RET\.m2\repository\antlr\antlr\2.7.7\antlr-2.7.7.jar;C:\Users\RET\.m2\repository\org\jboss\spec\javax\transaction\jboss-transaction-api_1.2_spec\1.1.1.Final\jboss-transaction-api_1.2_spec-1.1.1.Final.jar;C:\Users\RET\.m2\repository\org\jboss\jandex\2.0.5.Final\jandex-2.0.5.Final.jar;C:\Users\RET\.m2\repository\com\fasterxml\classmate\1.3.4\classmate-1.3.4.jar;C:\Users\RET\.m2\repository\javax\activation\javax.activation-api\1.2.0\javax.activation-api-1.2.0.jar;C:\Users\RET\.m2\repository\org\dom4j\dom4j\2.1.1\dom4j-2.1.1.jar;C:\Users\RET\.m2\repository\org\hibernate\common\hibernate-commons-annotations\5.1.0.Final\hibernate-commons-annotations-5.1.0.Final.jar;C:\Users\RET\.m2\repository\javax\xml\bind\jaxb-api\2.3.1\jaxb-api-2.3.1.jar;C:\Users\RET\.m2\repository\org\glassfish\jaxb\jaxb-runtime\2.3.1\jaxb-runtime-2.3.1.jar;C:\Users\RET\.m2\repository\org\glassfish\jaxb\txw2\2.3.1\txw2-2.3.1.jar;C:\Users\RET\.m2\repository\com\sun\istack\istack-commons-runtime\3.0.7\istack-commons-runtime-3.0.7.jar;C:\Users\RET\.m2\repository\org\jvnet\staxex\stax-ex\1.8\stax-ex-1.8.jar;C:\Users\RET\.m2\repository\com\sun\xml\fastinfoset\FastInfoset\1.2.15\FastInfoset-1.2.
Launcher Type: SUN_STANDARD

[Global flags]
     intx CICompilerCount                          = 3                                         {product} {ergonomic}
     uint ConcGCThreads                            = 1                                         {product} {ergonomic}
     uint G1ConcRefinementThreads                  = 4                                         {product} {ergonomic}
   size_t G1HeapRegionSize                         = 1048576                                   {product} {ergonomic}
    uintx GCDrainStackTargetSize                   = 64                                        {product} {ergonomic}
   size_t InitialHeapSize                          = 67108864                                  {product} {ergonomic}
   size_t MarkStackSize                            = 4194304                                   {product} {ergonomic}
   size_t MaxHeapSize                              = 1052770304                                {product} {ergonomic}
   size_t MaxNewSize                               = 631242752                                 {product} {ergonomic}
   size_t MinHeapDeltaBytes                        = 1048576                                   {product} {ergonomic}
   size_t MinHeapSize                              = 8388608                                   {product} {ergonomic}
    uintx NonNMethodCodeHeapSize                   = 5832780                                {pd product} {ergonomic}
    uintx NonProfiledCodeHeapSize                  = 122912730                              {pd product} {ergonomic}
    uintx ProfiledCodeHeapSize                     = 122912730                              {pd product} {ergonomic}
    uintx ReservedCodeCacheSize                    = 251658240                              {pd product} {ergonomic}
     bool SegmentedCodeCache                       = true                                      {product} {ergonomic}
   size_t SoftMaxHeapSize                          = 1052770304                             {manageable} {ergonomic}
     bool UseCompressedClassPointers               = true                                 {lp64_product} {ergonomic}
     bool UseCompressedOops                        = true                                 {lp64_product} {ergonomic}
     bool UseG1GC                                  = true                                      {product} {ergonomic}
     bool UseLargePagesIndividualAllocation        = false                                  {pd product} {ergonomic}

Logging:
Log output configuration:
 #0: stdout all=warning uptime,level,tags
 #1: stderr all=off uptime,level,tags

Environment Variables:
JAVA_HOME=C:\Program Files\Java\jdk-13.0.2
PATH=C:\Program Files (x86)\Intel\iCLS Client\;C:\Program Files\Intel\iCLS Client\;C:\WINDOWS\system32;C:\WINDOWS;C:\WINDOWS\System32\Wbem;C:\WINDOWS\System32\WindowsPowerShell\v1.0\;C:\Program Files (x86)\Intel\Intel(R) Management Engine Components\DAL;C:\Program Files\Intel\Intel(R) Management Engine Components\DAL;C:\Program Files (x86)\Intel\Intel(R) Management Engine Components\IPT;C:\Program Files\Intel\Intel(R) Management Engine Components\IPT;c:\Program Files (x86)\ATI Technologies\ATI.ACE\Core-Static;C:\WINDOWS\System32\OpenSSH\;C:\Program Files\Java\jdk-13.0.2\bin\;C:\Program Files\Git\cmd;C:\Program Files\Git\mingw64\bin;C:\Program Files\Git\usr\bin;C:\Users\RET\AppData\Local\Microsoft\WindowsApps;
USERNAME=РЕТ
OS=Windows_NT
PROCESSOR_IDENTIFIER=Intel64 Family 6 Model 61 Stepping 4, GenuineIntel



---------------  S Y S T E M  ---------------

OS: Windows 10 , 64 bit Build 19041 (10.0.19041.546)

CPU:total 4 (initial active 4) (2 cores per cpu, 2 threads per core) family 6 model 61 stepping 4, cmov, cx8, fxsr, mmx, sse, sse2, sse3, ssse3, sse4.1, sse4.2, popcnt, clmul, erms, 3dnowpref, lzcnt, ht, tsc, tscinvbit

Memory: 4k page, system-wide physical 4011M (383M free)
TotalPageFile size 13286M (AvailPageFile size 14M)
current process WorkingSet (physical memory assigned to process): 42M, peak: 176M
current process commit charge ("private bytes"): 211M, peak: 224M

vm_info: Java HotSpot(TM) 64-Bit Server VM (13.0.2+8) for windows-amd64 JRE (13.0.2+8), built on Dec 11 2019 09:20:33 by "mach5one" with unknown MS VC++:1916

END.
